  Source.cpp
C:\Users\Empty\source\repos\TeorAuto_Laba2\TeorAuto_Laba2\Source.cpp(209,20): warning C4018: <: несоответствие типов со знаком и без знака
C:\Users\Empty\source\repos\TeorAuto_Laba2\TeorAuto_Laba2\Source.cpp(217,20): warning C4018: <: несоответствие типов со знаком и без знака
C:\Users\Empty\source\repos\TeorAuto_Laba2\TeorAuto_Laba2\Source.cpp(225,20): warning C4018: <: несоответствие типов со знаком и без знака
C:\Users\Empty\source\repos\TeorAuto_Laba2\TeorAuto_Laba2\Source.cpp(229,21): warning C4018: <: несоответствие типов со знаком и без знака
C:\Users\Empty\source\repos\TeorAuto_Laba2\TeorAuto_Laba2\Source.cpp(248,16): warning C4018: <: несоответствие типов со знаком и без знака
C:\Users\Empty\source\repos\TeorAuto_Laba2\TeorAuto_Laba2\Source.cpp(272,20): warning C4018: <: несоответствие типов со знаком и без знака
C:\Users\Empty\source\repos\TeorAuto_Laba2\TeorAuto_Laba2\Source.cpp(288,20): warning C4018: <: несоответствие типов со знаком и без знака
C:\Users\Empty\source\repos\TeorAuto_Laba2\TeorAuto_Laba2\Source.cpp(324,11): warning C4018: <: несоответствие типов со знаком и без знака
C:\Users\Empty\source\repos\TeorAuto_Laba2\TeorAuto_Laba2\Source.cpp(327,12): warning C4018: <: несоответствие типов со знаком и без знака
C:\Users\Empty\source\repos\TeorAuto_Laba2\TeorAuto_Laba2\Source.cpp(374,20): warning C4018: <: несоответствие типов со знаком и без знака
C:\Users\Empty\source\repos\TeorAuto_Laba2\TeorAuto_Laba2\Source.cpp(381,11): warning C4018: <: несоответствие типов со знаком и без знака
C:\Users\Empty\source\repos\TeorAuto_Laba2\TeorAuto_Laba2\Source.cpp(387,12): warning C4018: <: несоответствие типов со знаком и без знака
C:\Users\Empty\source\repos\TeorAuto_Laba2\TeorAuto_Laba2\Source.cpp(410,11): warning C4018: <: несоответствие типов со знаком и без знака
C:\Users\Empty\source\repos\TeorAuto_Laba2\TeorAuto_Laba2\Source.cpp(413,12): warning C4018: <: несоответствие типов со знаком и без знака
C:\Users\Empty\source\repos\TeorAuto_Laba2\TeorAuto_Laba2\Source.cpp(434,20): warning C4018: <: несоответствие типов со знаком и без знака
C:\Users\Empty\source\repos\TeorAuto_Laba2\TeorAuto_Laba2\Source.cpp(441,11): warning C4018: <: несоответствие типов со знаком и без знака
C:\Users\Empty\source\repos\TeorAuto_Laba2\TeorAuto_Laba2\Source.cpp(447,12): warning C4018: <: несоответствие типов со знаком и без знака
  Sportsmen.cpp
  Создание кода...
  TeorAuto_Laba2.vcxproj -> C:\Users\Empty\source\repos\TeorAuto_Laba2\Debug\TeorAuto_Laba2.exe
