  Source.cpp
C:\Users\Empty\source\repos\TeorAuto_Laba1\TeorAuto_Laba1\Source.cpp(99,20): warning C4018: <: несоответствие типов со знаком и без знака
C:\Users\Empty\source\repos\TeorAuto_Laba1\TeorAuto_Laba1\Source.cpp(119,22): warning C4018: <: несоответствие типов со знаком и без знака
C:\Users\Empty\source\repos\TeorAuto_Laba1\TeorAuto_Laba1\Source.cpp(144,22): warning C4018: <: несоответствие типов со знаком и без знака
C:\Users\Empty\source\repos\TeorAuto_Laba1\TeorAuto_Laba1\Source.cpp(151,23): warning C4018: <: несоответствие типов со знаком и без знака
C:\Users\Empty\source\repos\TeorAuto_Laba1\TeorAuto_Laba1\Source.cpp(185,23): warning C4018: <: несоответствие типов со знаком и без знака
C:\Users\Empty\source\repos\TeorAuto_Laba1\TeorAuto_Laba1\Source.cpp(194,23): warning C4018: <: несоответствие типов со знаком и без знака
C:\Users\Empty\source\repos\TeorAuto_Laba1\TeorAuto_Laba1\Source.cpp(218,21): warning C4018: <: несоответствие типов со знаком и без знака
C:\Users\Empty\source\repos\TeorAuto_Laba1\TeorAuto_Laba1\Source.cpp(266,23): warning C4018: <: несоответствие типов со знаком и без знака
C:\Users\Empty\source\repos\TeorAuto_Laba1\TeorAuto_Laba1\Source.cpp(281,23): warning C4018: <: несоответствие типов со знаком и без знака
C:\Users\Empty\source\repos\TeorAuto_Laba1\TeorAuto_Laba1\Source.cpp(296,23): warning C4018: <: несоответствие типов со знаком и без знака
C:\Users\Empty\source\repos\TeorAuto_Laba1\TeorAuto_Laba1\Source.cpp(311,23): warning C4018: <: несоответствие типов со знаком и без знака
C:\Users\Empty\source\repos\TeorAuto_Laba1\TeorAuto_Laba1\Source.cpp(326,23): warning C4018: <: несоответствие типов со знаком и без знака
C:\Users\Empty\source\repos\TeorAuto_Laba1\TeorAuto_Laba1\Source.cpp(342,23): warning C4018: <: несоответствие типов со знаком и без знака
C:\Users\Empty\source\repos\TeorAuto_Laba1\TeorAuto_Laba1\Source.cpp(358,23): warning C4018: <: несоответствие типов со знаком и без знака
C:\Users\Empty\source\repos\TeorAuto_Laba1\TeorAuto_Laba1\Source.cpp(373,23): warning C4018: <: несоответствие типов со знаком и без знака
C:\Users\Empty\source\repos\TeorAuto_Laba1\TeorAuto_Laba1\Source.cpp(388,23): warning C4018: <: несоответствие типов со знаком и без знака
C:\Users\Empty\source\repos\TeorAuto_Laba1\TeorAuto_Laba1\Source.cpp(403,23): warning C4018: <: несоответствие типов со знаком и без знака
  Sportsmen.cpp
  Создание кода...
C:\Users\Empty\source\repos\TeorAuto_Laba1\TeorAuto_Laba1\Sportsmen.cpp(37): warning C4715: Sportsmen::parametr: значение возвращается не при всех путях выполнения
  TeorAuto_Laba1.vcxproj -> C:\Users\Empty\source\repos\TeorAuto_Laba1\Debug\TeorAuto_Laba1.exe
